
 make.py started: 2017-11-28 20:22:12 C:\Users\sgiambra\Documents\GitHub\teen_obesity\derived\Load_class_data\code 




Execute:  "C:\Program Files (x86)\Stata14\StataSE-64.exe" /e do "./preclean.do"

  ___  ____  ____  ____  ____ (R)
 /__    /   ____/   /   ____/
___/   /   /___/   /   /___/   14.2   Copyright 1985-2015 StataCorp LLC
  Statistics/Data Analysis            StataCorp
                                      4905 Lakeway Drive
     Special Edition                  College Station, Texas 77845 USA
                                      800-STATA-PC        http://www.stata.com
                                      979-696-4600        stata@stata.com
                                      979-696-4601 (fax)

110-user Stata network perpetual license:
       Serial number:  401406206058
         Licensed to:  CIS Department
                       Brown University

Notes:
      1.  Stata is running in batch mode.
      2.  Unicode is supported; see help unicode_advice.
      3.  Maximum number of variables is set to 5000; see help set_maxvar.

. do ./preclean.do 

. set more off

. adopath + ../../../lib/stata/gslab_misc/ado
  [1]  (BASE)      "C:\Program Files (x86)\Stata14\ado\base/"
  [2]  (SITE)      "C:\Program Files (x86)\Stata14\ado\site/"
  [3]              "."
  [4]  (PERSONAL)  "c:\ado\personal/"
  [5]  (PLUS)      "c:\ado\plus/"
  [6]  (OLDPLACE)  "c:\ado/"
  [7]              "../../../lib/stata/gslab_misc/ado"

. adopath + ../../../lib/third_party/stata_tools
  [1]  (BASE)      "C:\Program Files (x86)\Stata14\ado\base/"
  [2]  (SITE)      "C:\Program Files (x86)\Stata14\ado\site/"
  [3]              "."
  [4]  (PERSONAL)  "c:\ado\personal/"
  [5]  (PLUS)      "c:\ado\plus/"
  [6]  (OLDPLACE)  "c:\ado/"
  [7]              "../../../lib/stata/gslab_misc/ado"
  [8]              "../../../lib/third_party/stata_tools"

. preliminaries, loadglob("../../../lib/python/obesity/input_params.txt")

. 
. program main
  1.     local raw_data_dir = "${GoogleDrive}/raw_data/class"
  2.     local base_dir     = "${GoogleDrive}/base/class"
  3. 
.     import excel "`raw_data_dir'/Nutrition_2003-15_Data_File.xlsx", sheet("Nutrition Data 2003-2015") firstrow clear
  4.     save_data "`base_dir'/class.dta", key(STATE YEAR) nopreserve replace
  5. 
.     import excel "`raw_data_dir'/Nutrition_Enhanced_Data_File.xlsx", sheet("Nutrition Data 2003-2015") firstrow clear
  6.     save_data "`base_dir'/class_enhanced.dta", key(STATE YEAR) nopreserve replace
  7. end

. 
. * Execute
. main
(data now sorted by STATE YEAR)
  (0 bytes saved)
==================================================================================================
File: C:\Users\sgiambra/Google Drive/research projects/obesity/base/class/class.dta
Key: STATE YEAR
==================================================================================================
  561:271(98376):794772521:2650147379

    Variable |        Obs        Mean    Std. Dev.       Min        Max
-------------+---------------------------------------------------------
       STATE |          0
        YEAR |        561    2008.818    4.022138       2003       2015
      STFIPS |        561    28.96078    15.69083          1         56
    ALASNAES |        561    1.841355    1.878868          0          6
    ALASNAMS |        561    1.663102     1.85035          0          6
-------------+---------------------------------------------------------
    ALASNAHS |        561    1.513369     1.81961          0          6
    snapores |        561    .2049911    .4040554          0          1
    snaporms |        561    .2049911    .4040554          0          1
    snaporhs |        561    .1907308    .3932279          0          1
    snapenes |        561    .1016043    .3023968          0          1
-------------+---------------------------------------------------------
    snapenms |        561    .1016043    .3023968          0          1
    snapenhs |        561    .1016043    .3023968          0          1
   snamilkes |        561    .0249554    .1561285          0          1
   snamilkms |        561    .0249554    .1561285          0          1
   snamilkhs |        561    .0249554    .1561285          0          1
-------------+---------------------------------------------------------
  snagraines |        561    .0374332    .1899901          0          1
  snagrainms |        561    .0374332    .1899901          0          1
  snagrainhs |        561    .0374332    .1899901          0          1
     sna50es |        561    .0392157     .194281          0          1
     sna50ms |        561    .0641711    .2452762          0          1
-------------+---------------------------------------------------------
     sna50hs |        561    .0659537    .2484226          0          1
  snafundcgy |        561    .0053476    .0729965          0          1
    ALABEVES |        561    2.026738    2.089343          0          6
    ALABEVMS |        561     1.86631    2.043707          0          6
    ALABEVHS |        561    1.582888    1.906004          0          6
-------------+---------------------------------------------------------
 alabevpores |        561    .2335116    .4234425          0          1
 alabevporms |        561    .2442068    .4299993          0          1
 alabevporhs |        561    .2192513    .4141085          0          1
 alabevpenes |        561    .1033868    .3047351          0          1
 alabevpenms |        561    .1033868    .3047351          0          1
-------------+---------------------------------------------------------
 alabevpenhs |        561    .1033868    .3047351          0          1
alabevmilkes |        561     .083779    .2773033          0          1
alabevmilkms |        561    .0855615    .2799651          0          1
alabevmilkhs |        561     .083779    .2773033          0          1
  alabev50es |        561    .0427807     .202543          0          1
-------------+---------------------------------------------------------
  alabev50ms |        561    .0766488    .2662709          0          1
  alabev50hs |        561    .0819964    .2746041          0          1
alabevfund~y |        561           0           0          0          0
    ENTREEES |        561    1.502674    1.759792          0          5
    ENTREEMS |        561    1.390374    1.724564          0          5
-------------+---------------------------------------------------------
    ENTREEHS |        561     1.26738    1.667918          0          5
    entpores |        561    .1942959    .3960108          0          1
    entporms |        561    .1942959    .3960108          0          1
    entporhs |        561    .1800357      .38456          0          1
    entpenes |        561    .1016043    .3023968          0          1
-------------+---------------------------------------------------------
    entpenms |        561    .1016043    .3023968          0          1
    entpenhs |        561    .1016043    .3023968          0          1
     ent50es |        561    .0178253    .1324343          0          1
     ent50ms |        561    .0427807     .202543          0          1
     ent50hs |        561    .0552585     .228688          0          1
-------------+---------------------------------------------------------
  entfundcgy |        561    .0053476    .0729965          0          1
     VEND_ES |        561    1.991087    2.113289          0          6
     VEND_MS |        561    1.609626    1.914003          0          6
     VEND_HS |        561    1.426025    1.862784          0          6
   vendpores |        561    .1925134    .3946259          0          1
-------------+---------------------------------------------------------
   vendporms |        561    .2156863    .4116647          0          1
   vendporhs |        561    .1907308    .3932279          0          1
   vendpenes |        561    .1033868    .3047351          0          1
   vendpenms |        561    .1033868    .3047351          0          1
   vendpenhs |        561    .1016043    .3023968          0          1
-------------+---------------------------------------------------------
  vendmilkes |        561    .0249554    .1561285          0          1
  vendmilkms |        561    .0249554    .1561285          0          1
  vendmilkhs |        561    .0249554    .1561285          0          1
 vendgraines |        561    .0374332    .1899901          0          1
 vendgrainms |        561    .0374332    .1899901          0          1
-------------+---------------------------------------------------------
 vendgrainhs |        561    .0374332    .1899901          0          1
    vend50es |        561    .0196078    .1387721          0          1
    vend50ms |        561    .0713012     .257557          0          1
    vend50hs |        561    .0730838    .2605063          0          1
 vendfundcgy |        561    .0053476    .0729965          0          1
-------------+---------------------------------------------------------
vendlessd~es |        561    .0766488    .2662709          0          1
vendlessd~ms |        561    .0891266    .2851806          0          1
vendlessd~hs |        561     .087344    .2825905          0          1
    BEVENDES |        561    2.101604     2.19464          0          6
    BEVENDMS |        561    1.782531    2.071692          0          6
-------------+---------------------------------------------------------
    BEVENDHS |        561     1.41533    1.861369          0          6
 bevendpores |        561    .2103387    .4079129          0          1
 bevendporms |        561    .2335116    .4234425          0          1
 bevendporhs |        561    .2192513    .4141085          0          1
 bevendpenes |        561    .1033868    .3047351          0          1
-------------+---------------------------------------------------------
 bevendpenms |        561    .1033868    .3047351          0          1
 bevendpenhs |        561    .1033868    .3047351          0          1
bevendmilkes |        561     .083779    .2773033          0          1
bevendmilkms |        561    .0855615    .2799651          0          1
bevendmilkhs |        561     .083779    .2773033          0          1
-------------+---------------------------------------------------------
  bevend50es |        561    .0231729    .1505867          0          1
  bevend50ms |        561    .0962567    .2952062          0          1
  bevend50hs |        561    .1319073     .338692          0          1
bevendfund~y |        561           0           0          0          0
bevendles~es |        561    .0766488    .2662709          0          1
-------------+---------------------------------------------------------
bevendles~ms |        561     .087344    .2825905          0          1
bevendles~hs |        561     .087344    .2825905          0          1
    VENUE_ES |        561    1.768271    1.956617          0          6
    VENUE_MS |        561     1.56328    1.901129          0          6
    VENUE_HS |        561    1.379679    1.844939          0          6
-------------+---------------------------------------------------------
   venupores |        561    .2156863    .4116647          0          1
   venuporms |        561    .2156863    .4116647          0          1
   venuporhs |        561    .1907308    .3932279          0          1
   venupenes |        561    .1033868    .3047351          0          1
   venupenms |        561    .1033868    .3047351          0          1
-------------+---------------------------------------------------------
   venupenhs |        561    .1016043    .3023968          0          1
  venumilkes |        561    .0249554    .1561285          0          1
  venumilkms |        561    .0249554    .1561285          0          1
  venumilkhs |        561    .0249554    .1561285          0          1
    venu50es |        561    .0285205     .166603          0          1
-------------+---------------------------------------------------------
    venu50ms |        561    .0534759    .2251814          0          1
    venu50hs |        561    .0552585     .228688          0          1
 venufundcgy |        561    .0053476    .0729965          0          1
venulessd~es |        561    .0766488    .2662709          0          1
venulessd~ms |        561    .0891266    .2851806          0          1
-------------+---------------------------------------------------------
venulessd~hs |        561     .087344    .2825905          0          1
    BEVENUES |        561    1.953654    2.143426          0          6
    BEVENUMS |        561     1.71836    2.063934          0          6
    BEVENUHS |        561    1.418895    1.862487          0          6
 bevenupores |        561    .2317291    .4223134          0          1
-------------+---------------------------------------------------------
 bevenuporms |        561    .2317291    .4223134          0          1
 bevenuporhs |        561    .2174688    .4128923          0          1
 bevenupenes |        561    .1033868    .3047351          0          1
 bevenupenms |        561    .1033868    .3047351          0          1
 bevenupenhs |        561    .1033868    .3047351          0          1
-------------+---------------------------------------------------------
bevenumilkes |        561    .0819964    .2746041          0          1
bevenumilkms |        561     .083779    .2773033          0          1
bevenumilkhs |        561    .0819964    .2746041          0          1
 bevvenu50es |        561    .0409982     .198463          0          1
 bevvenu50ms |        561    .0909091    .2877364          0          1
-------------+---------------------------------------------------------
 bevvenu50hs |        561    .0962567    .2952062          0          1
bevenufund~y |        561           0           0          0          0
bevenules~es |        561    .0766488    .2662709          0          1
bevenules~ms |        561     .087344    .2825905          0          1
bevenules~hs |        561    .1069519    .3093279          0          1
-------------+---------------------------------------------------------
     FUND_ES |        561    1.062389    1.874079          0          6
     FUND_MS |        561    .9625668    1.743464          0          6
     FUND_HS |        561    .8841355    1.697408          0          6
fundnofoodes |        561           0           0          0          0
fundnofoodms |        561           0           0          0          0
-------------+---------------------------------------------------------
fundnofoodhs |        561           0           0          0          0
 fundafteres |        561     .030303    .1715728          0          1
 fundafterms |        561     .030303    .1715728          0          1
 fundafterhs |        561     .030303    .1715728          0          1
   fundpores |        561    .1532977    .3605957          0          1
-------------+---------------------------------------------------------
   fundporms |        561    .1782531    .3830672          0          1
   fundporhs |        561    .1639929    .3705996          0          1
   fundpenes |        561    .0819964    .2746041          0          1
   fundpenms |        561    .0819964    .2746041          0          1
   fundpenhs |        561    .0802139    .2718665          0          1
-------------+---------------------------------------------------------
  fundmilkes |        561    .0249554    .1561285          0          1
  fundmilkms |        561    .0249554    .1561285          0          1
  fundmilkhs |        561    .0249554    .1561285          0          1
    fund50es |        561    .0285205     .166603          0          1
    fund50ms |        561    .0534759    .2251814          0          1
-------------+---------------------------------------------------------
    fund50hs |        561    .0481283    .2142284          0          1
    fund2cgy |        561    .0053476    .0729965          0          1
fundlessd~es |        561    .0338681     .181051          0          1
fundlessd~ms |        561    .0445633    .2065271          0          1
fundlessd~hs |        561    .0445633    .2065271          0          1
-------------+---------------------------------------------------------
   BEVFUNDES |        561    1.199643    2.045745          0          6
   BEVFUNDMS |        561    1.090909    1.916267          0          6
   BEVFUNDHS |        561    .9233512    1.732929          0          6
bevfundn~des |        561           0           0          0          0
bevfundn~dms |        561           0           0          0          0
-------------+---------------------------------------------------------
bevfundn~dhs |        561           0           0          0          0
bevfundaf~es |        561     .030303    .1715728          0          1
bevfundaf~ms |        561     .030303    .1715728          0          1
bevfundaf~hs |        561     .030303    .1715728          0          1
bevfundpores |        561    .1782531    .3830672          0          1
-------------+---------------------------------------------------------
bevfundporms |        561    .2032086    .4027455          0          1
bevfundporhs |        561    .1889483    .3918169          0          1
bevfundpenes |        561    .0819964    .2746041          0          1
bevfundpenms |        561    .0819964    .2746041          0          1
bevfundpenhs |        561    .0802139    .2718665          0          1
-------------+---------------------------------------------------------
bevfundmi~es |        561     .057041    .2321279          0          1
bevfundmi~ms |        561    .0588235    .2355041          0          1
bevfundmi~hs |        561     .057041    .2321279          0          1
 bevfund50es |        561     .030303    .1715728          0          1
 bevfund50ms |        561    .0641711    .2452762          0          1
-------------+---------------------------------------------------------
 bevfund50hs |        561    .0623886    .2420758          0          1
 bevfund2cgy |        561           0           0          0          0
bevfundle~es |        561    .0338681     .181051          0          1
bevfundle~ms |        561    .0445633    .2065271          0          1
bevfundle~hs |        561    .0641711    .2452762          0          1
-------------+---------------------------------------------------------
    MEALS_ES |        561    363.5597    480.7774          0        999
    MEALS_MS |        561    363.5241    480.8042          0        999
    MEALS_HS |        561    363.5134    480.8123          0        999
   mealpores |        561    363.3012     480.972          0        999
   mealporms |        561    363.3012     480.972          0        999
-------------+---------------------------------------------------------
   mealporhs |        561    363.3012     480.972          0        999
 mealgraines |        561     363.287    480.9828          0        999
 mealgrainms |        561    363.2852    480.9841          0        999
 mealgrainhs |        561    363.2852    480.9841          0        999
  mealegumes |        561     363.287    480.9828          0        999
-------------+---------------------------------------------------------
  mealegumms |        561     363.287    480.9828          0        999
  mealegumhs |        561     363.287    480.9828          0        999
  mealvitces |        561    363.2727    480.9935          0        999
  mealvitcms |        561    363.2727    480.9935          0        999
  mealvitchs |        561    363.2727    480.9935          0        999
-------------+---------------------------------------------------------
    mealfves |        561    363.2852    480.9841          0        999
    mealfvms |        561    363.2781    480.9895          0        999
    mealfvhs |        561    363.2781    480.9895          0        999
  mealirones |        561    363.2727    480.9935          0        999
  mealironms |        561    363.2727    480.9935          0        999
-------------+---------------------------------------------------------
  mealironhs |        561    363.2727    480.9935          0        999
  mealimites |        561    363.2799    480.9881          0        999
  mealimitms |        561    363.2799    480.9881          0        999
  mealimiths |        561    363.2799    480.9881          0        999
 mealfiberes |        561    363.2852    480.9841          0        999
-------------+---------------------------------------------------------
 mealfiberms |        561    363.2852    480.9841          0        999
 mealfiberhs |        561    363.2852    480.9841          0        999
  mealinfoes |        561    363.2799    480.9881          0        999
  mealinfoms |        561    363.2727    480.9935          0        999
  mealinfohs |        561    363.2727    480.9935          0        999
-------------+---------------------------------------------------------
    mealfund |        561    363.2727    480.9935          0        999
     ENVIRO2 |        561    .2442068    .6860129          0          3
  envirotime |        561    .0356506     .185583          0          1
 envirosched |        561           0           0          0          0
     SERVIC2 |        561    .5828877    1.166799          0          4
-------------+---------------------------------------------------------
     servbon |        561    .1033868    .3047351          0          1
    ADVISORY |        561    .6737968    1.107849          0          3
  advisboard |        561    .1853832     .388955          0          1
 advisreview |        561    .1122995    .3160163          0          1
     EDUC_ES |        561    1.705882    1.298674          0          4
-------------+---------------------------------------------------------
     EDUC_MS |        561    1.654189    1.259898          0          4
     EDUC_HS |        561    1.663102    1.277082          0          4
educfoods~es |        561    .0784314    .2690891          0          1
educfoods~ms |        561    .0784314    .2690891          0          1
educfoods~hs |        561    .0784314    .2690891          0          1
-------------+---------------------------------------------------------
   educrefes |        561           0           0          0          0
   educrefms |        561           0           0          0          0
   educrefhs |        561           0           0          0          0
   educinses |        561           0           0          0          0
   educinsms |        561           0           0          0          0
-------------+---------------------------------------------------------
   educinshs |        561           0           0          0          0
  educcshpes |        561           0           0          0          0
  educcshpms |        561           0           0          0          0
  educchsphs |        561           0           0          0          0
    MARKTING |        561    .2156863    .7960864          0          5
-------------+---------------------------------------------------------
   incentive |        561           0           0          0          0
  intructban |        561           0           0          0          0
    PRF_PRIC |        561    .0463458    .2563306          0          2
   pricplace |        561    .0089127    .0940691          0          1
         BMI |        561    .1693405    .5556731          0          3
-------------+---------------------------------------------------------
    bmi_fwup |        561    .1229947    .3287242          0          1
    classbon |        561    .1069519    .3093279          0          1
    FRMSCHES |        561     .684492    1.250111          0          4
    FRMSCHMS |        561     .684492    1.250111          0          4
    FRMSCHHS |        561     .684492    1.250111          0          4
-------------+---------------------------------------------------------
      schgrd |        561    .0588235    .2355041          0          1
     interag |        561    .1639929    .3705996          0          1
     intcurr |        561    .0196078    .1387721          0          1
    POTWTRES |        561    .1354724    .5820286          0          3
    POTWTRMS |        561    .1354724    .5820286          0          3
-------------+---------------------------------------------------------
    POTWTRHS |        561    .1354724    .5820286          0          3
      wtrecp |        561    .0106952    .1029548          0          1
    classpen |        561    90.82888    287.4452          0        999
SMARTSNACKES |        561    817.6364    385.0745          0        999
SMARTSNACKMS |        561    817.6114    385.1275          0        999
-------------+---------------------------------------------------------
SMARTSNACKHS |        561    817.5865    385.1804          0        999
fundnoexe~es |        561    817.3672    385.6452          0        999
fundnoexe~ms |        561    817.3672    385.6452          0        999
fundnoexe~hs |        561    817.3672    385.6452          0        999
fundexemptes |        561    817.3957    385.5847          0        999
-------------+---------------------------------------------------------
fundexemptms |        561    817.3957    385.5847          0        999
fundexempths |        561    817.3957    385.5847          0        999
BEVSMARTS~ES |        561    817.6435    385.0594          0        999
BEVSMARTS~MS |        561    817.6257    385.0972          0        999
BEVSMARTS~HS |        561    817.6078     385.135          0        999
-------------+---------------------------------------------------------
bevfundn~tes |        561    817.3672    385.6452          0        999
bevfundn~tms |        561    817.3672    385.6452          0        999
bevfundn~ths |        561    817.3672    385.6452          0        999
bevfundex~es |        561    817.3957    385.5847          0        999
bevfundex~ms |        561    817.3957    385.5847          0        999
-------------+---------------------------------------------------------
bevfundex~hs |        561    817.3957    385.5847          0        999




(note: file C:\Users\sgiambra/Google Drive/research projects/obesity/base/class/class.dta not found)
file C:\Users\sgiambra/Google Drive/research projects/obesity/base/class/class.dta saved
(data now sorted by STATE YEAR)
  (0 bytes saved)
==================================================================================================
File: C:\Users\sgiambra/Google Drive/research projects/obesity/base/class/class_enhanced.dta
Key: STATE YEAR
==================================================================================================
  561:271(98376):1282256836:3728953971

    Variable |        Obs        Mean    Std. Dev.       Min        Max
-------------+---------------------------------------------------------
       STATE |          0
        YEAR |        561    2008.818    4.022138       2003       2015
      STFIPS |        561    28.96078    15.69083          1         56
    ALASNAES |        561    1.841355    1.878868          0          6
    ALASNAMS |        561    1.663102     1.85035          0          6
-------------+---------------------------------------------------------
    ALASNAHS |        561    1.513369     1.81961          0          6
    snapores |        561    .2049911    .4040554          0          1
    snaporms |        561    .2049911    .4040554          0          1
    snaporhs |        561    .1907308    .3932279          0          1
    snapenes |        561    .1016043    .3023968          0          1
-------------+---------------------------------------------------------
    snapenms |        561    .1016043    .3023968          0          1
    snapenhs |        561    .1016043    .3023968          0          1
   snamilkes |        561    .0249554    .1561285          0          1
   snamilkms |        561    .0249554    .1561285          0          1
   snamilkhs |        561    .0249554    .1561285          0          1
-------------+---------------------------------------------------------
  snagraines |        561    .0374332    .1899901          0          1
  snagrainms |        561    .0374332    .1899901          0          1
  snagrainhs |        561    .0374332    .1899901          0          1
     sna50es |        561    .0392157     .194281          0          1
     sna50ms |        561    .0641711    .2452762          0          1
-------------+---------------------------------------------------------
     sna50hs |        561    .0659537    .2484226          0          1
  snafundcgy |        561    .0053476    .0729965          0          1
    ALABEVES |        561    2.026738    2.089343          0          6
    ALABEVMS |        561     1.86631    2.043707          0          6
    ALABEVHS |        561    1.582888    1.906004          0          6
-------------+---------------------------------------------------------
 alabevpores |        561    .2335116    .4234425          0          1
 alabevporms |        561    .2442068    .4299993          0          1
 alabevporhs |        561    .2192513    .4141085          0          1
 alabevpenes |        561    .1033868    .3047351          0          1
 alabevpenms |        561    .1033868    .3047351          0          1
-------------+---------------------------------------------------------
 alabevpenhs |        561    .1033868    .3047351          0          1
alabevmilkes |        561     .083779    .2773033          0          1
alabevmilkms |        561    .0855615    .2799651          0          1
alabevmilkhs |        561     .083779    .2773033          0          1
  alabev50es |        561    .0427807     .202543          0          1
-------------+---------------------------------------------------------
  alabev50ms |        561    .0766488    .2662709          0          1
  alabev50hs |        561    .0819964    .2746041          0          1
alabevfund~y |        561           0           0          0          0
    ENTREEES |        561    1.502674    1.759792          0          5
    ENTREEMS |        561    1.390374    1.724564          0          5
-------------+---------------------------------------------------------
    ENTREEHS |        561     1.26738    1.667918          0          5
    entpores |        561    .1942959    .3960108          0          1
    entporms |        561    .1942959    .3960108          0          1
    entporhs |        561    .1800357      .38456          0          1
    entpenes |        561    .1016043    .3023968          0          1
-------------+---------------------------------------------------------
    entpenms |        561    .1016043    .3023968          0          1
    entpenhs |        561    .1016043    .3023968          0          1
     ent50es |        561    .0178253    .1324343          0          1
     ent50ms |        561    .0427807     .202543          0          1
     ent50hs |        561    .0552585     .228688          0          1
-------------+---------------------------------------------------------
  entfundcgy |        561    .0053476    .0729965          0          1
     VEND_ES |        561    1.991087    2.113289          0          6
     VEND_MS |        561    1.609626    1.914003          0          6
     VEND_HS |        561    1.426025    1.862784          0          6
   vendpores |        561    .1925134    .3946259          0          1
-------------+---------------------------------------------------------
   vendporms |        561    .2156863    .4116647          0          1
   vendporhs |        561    .1907308    .3932279          0          1
   vendpenes |        561    .1033868    .3047351          0          1
   vendpenms |        561    .1033868    .3047351          0          1
   vendpenhs |        561    .1016043    .3023968          0          1
-------------+---------------------------------------------------------
  vendmilkes |        561    .0249554    .1561285          0          1
  vendmilkms |        561    .0249554    .1561285          0          1
  vendmilkhs |        561    .0249554    .1561285          0          1
 vendgraines |        561    .0374332    .1899901          0          1
 vendgrainms |        561    .0374332    .1899901          0          1
-------------+---------------------------------------------------------
 vendgrainhs |        561    .0374332    .1899901          0          1
    vend50es |        561    .0196078    .1387721          0          1
    vend50ms |        561    .0713012     .257557          0          1
    vend50hs |        561    .0730838    .2605063          0          1
 vendfundcgy |        561    .0053476    .0729965          0          1
-------------+---------------------------------------------------------
vendlessd~es |        561    .0766488    .2662709          0          1
vendlessd~ms |        561    .0891266    .2851806          0          1
vendlessd~hs |        561     .087344    .2825905          0          1
    BEVENDES |        561    2.101604     2.19464          0          6
    BEVENDMS |        561    1.782531    2.071692          0          6
-------------+---------------------------------------------------------
    BEVENDHS |        561     1.41533    1.861369          0          6
 bevendpores |        561    .2103387    .4079129          0          1
 bevendporms |        561    .2335116    .4234425          0          1
 bevendporhs |        561    .2192513    .4141085          0          1
 bevendpenes |        561    .1033868    .3047351          0          1
-------------+---------------------------------------------------------
 bevendpenms |        561    .1033868    .3047351          0          1
 bevendpenhs |        561    .1033868    .3047351          0          1
bevendmilkes |        561     .083779    .2773033          0          1
bevendmilkms |        561    .0855615    .2799651          0          1
bevendmilkhs |        561     .083779    .2773033          0          1
-------------+---------------------------------------------------------
  bevend50es |        561    .0231729    .1505867          0          1
  bevend50ms |        561    .0962567    .2952062          0          1
  bevend50hs |        561    .1319073     .338692          0          1
bevendfund~y |        561           0           0          0          0
bevendles~es |        561    .0766488    .2662709          0          1
-------------+---------------------------------------------------------
bevendles~ms |        561     .087344    .2825905          0          1
bevendles~hs |        561     .087344    .2825905          0          1
    VENUE_ES |        561    1.768271    1.956617          0          6
    VENUE_MS |        561     1.56328    1.901129          0          6
    VENUE_HS |        561    1.379679    1.844939          0          6
-------------+---------------------------------------------------------
   venupores |        561    .2156863    .4116647          0          1
   venuporms |        561    .2156863    .4116647          0          1
   venuporhs |        561    .1907308    .3932279          0          1
   venupenes |        561    .1033868    .3047351          0          1
   venupenms |        561    .1033868    .3047351          0          1
-------------+---------------------------------------------------------
   venupenhs |        561    .1016043    .3023968          0          1
  venumilkes |        561    .0249554    .1561285          0          1
  venumilkms |        561    .0249554    .1561285          0          1
  venumilkhs |        561    .0249554    .1561285          0          1
    venu50es |        561    .0285205     .166603          0          1
-------------+---------------------------------------------------------
    venu50ms |        561    .0534759    .2251814          0          1
    venu50hs |        561    .0552585     .228688          0          1
 venufundcgy |        561    .0053476    .0729965          0          1
venulessd~es |        561    .0766488    .2662709          0          1
venulessd~ms |        561    .0891266    .2851806          0          1
-------------+---------------------------------------------------------
venulessd~hs |        561     .087344    .2825905          0          1
    BEVENUES |        561    1.953654    2.143426          0          6
    BEVENUMS |        561     1.71836    2.063934          0          6
    BEVENUHS |        561    1.418895    1.862487          0          6
 bevenupores |        561    .2317291    .4223134          0          1
-------------+---------------------------------------------------------
 bevenuporms |        561    .2317291    .4223134          0          1
 bevenuporhs |        561    .2174688    .4128923          0          1
 bevenupenes |        561    .1033868    .3047351          0          1
 bevenupenms |        561    .1033868    .3047351          0          1
 bevenupenhs |        561    .1033868    .3047351          0          1
-------------+---------------------------------------------------------
bevenumilkes |        561    .0819964    .2746041          0          1
bevenumilkms |        561     .083779    .2773033          0          1
bevenumilkhs |        561    .0819964    .2746041          0          1
 bevvenu50es |        561    .0409982     .198463          0          1
 bevvenu50ms |        561    .0909091    .2877364          0          1
-------------+---------------------------------------------------------
 bevvenu50hs |        561    .0962567    .2952062          0          1
bevenufund~y |        561           0           0          0          0
bevenules~es |        561    .0766488    .2662709          0          1
bevenules~ms |        561     .087344    .2825905          0          1
bevenules~hs |        561    .1069519    .3093279          0          1
-------------+---------------------------------------------------------
     FUND_ES |        561    1.062389    1.874079          0          6
     FUND_MS |        561    .9625668    1.743464          0          6
     FUND_HS |        561    .8841355    1.697408          0          6
fundnofoodes |        561           0           0          0          0
fundnofoodms |        561           0           0          0          0
-------------+---------------------------------------------------------
fundnofoodhs |        561           0           0          0          0
 fundafteres |        561     .030303    .1715728          0          1
 fundafterms |        561     .030303    .1715728          0          1
 fundafterhs |        561     .030303    .1715728          0          1
   fundpores |        561    .1532977    .3605957          0          1
-------------+---------------------------------------------------------
   fundporms |        561    .1782531    .3830672          0          1
   fundporhs |        561    .1639929    .3705996          0          1
   fundpenes |        561    .0819964    .2746041          0          1
   fundpenms |        561    .0819964    .2746041          0          1
   fundpenhs |        561    .0802139    .2718665          0          1
-------------+---------------------------------------------------------
  fundmilkes |        561    .0249554    .1561285          0          1
  fundmilkms |        561    .0249554    .1561285          0          1
  fundmilkhs |        561    .0249554    .1561285          0          1
    fund50es |        561    .0285205     .166603          0          1
    fund50ms |        561    .0534759    .2251814          0          1
-------------+---------------------------------------------------------
    fund50hs |        561    .0481283    .2142284          0          1
    fund2cgy |        561    .0053476    .0729965          0          1
fundlessd~es |        561    .0338681     .181051          0          1
fundlessd~ms |        561    .0445633    .2065271          0          1
fundlessd~hs |        561    .0445633    .2065271          0          1
-------------+---------------------------------------------------------
   BEVFUNDES |        561    1.199643    2.045745          0          6
   BEVFUNDMS |        561    1.090909    1.916267          0          6
   BEVFUNDHS |        561    .9233512    1.732929          0          6
bevfundn~des |        561           0           0          0          0
bevfundn~dms |        561           0           0          0          0
-------------+---------------------------------------------------------
bevfundn~dhs |        561           0           0          0          0
bevfundaf~es |        561     .030303    .1715728          0          1
bevfundaf~ms |        561     .030303    .1715728          0          1
bevfundaf~hs |        561     .030303    .1715728          0          1
bevfundpores |        561    .1782531    .3830672          0          1
-------------+---------------------------------------------------------
bevfundporms |        561    .2032086    .4027455          0          1
bevfundporhs |        561    .1889483    .3918169          0          1
bevfundpenes |        561    .0819964    .2746041          0          1
bevfundpenms |        561    .0819964    .2746041          0          1
bevfundpenhs |        561    .0802139    .2718665          0          1
-------------+---------------------------------------------------------
bevfundmi~es |        561     .057041    .2321279          0          1
bevfundmi~ms |        561    .0588235    .2355041          0          1
bevfundmi~hs |        561     .057041    .2321279          0          1
 bevfund50es |        561     .030303    .1715728          0          1
 bevfund50ms |        561    .0641711    .2452762          0          1
-------------+---------------------------------------------------------
 bevfund50hs |        561    .0623886    .2420758          0          1
 bevfund2cgy |        561           0           0          0          0
bevfundle~es |        561    .0338681     .181051          0          1
bevfundle~ms |        561    .0445633    .2065271          0          1
bevfundle~hs |        561    .0641711    .2452762          0          1
-------------+---------------------------------------------------------
    MEALS_ES |        561    363.5597    480.7774          0        999
    MEALS_MS |        561    363.5241    480.8042          0        999
    MEALS_HS |        561    363.5134    480.8123          0        999
   mealpores |        561    363.3012     480.972          0        999
   mealporms |        561    363.3012     480.972          0        999
-------------+---------------------------------------------------------
   mealporhs |        561    363.3012     480.972          0        999
 mealgraines |        561     363.287    480.9828          0        999
 mealgrainms |        561    363.2852    480.9841          0        999
 mealgrainhs |        561    363.2852    480.9841          0        999
  mealegumes |        561     363.287    480.9828          0        999
-------------+---------------------------------------------------------
  mealegumms |        561     363.287    480.9828          0        999
  mealegumhs |        561     363.287    480.9828          0        999
  mealvitces |        561    363.2727    480.9935          0        999
  mealvitcms |        561    363.2727    480.9935          0        999
  mealvitchs |        561    363.2727    480.9935          0        999
-------------+---------------------------------------------------------
    mealfves |        561    363.2852    480.9841          0        999
    mealfvms |        561    363.2781    480.9895          0        999
    mealfvhs |        561    363.2781    480.9895          0        999
  mealirones |        561    363.2727    480.9935          0        999
  mealironms |        561    363.2727    480.9935          0        999
-------------+---------------------------------------------------------
  mealironhs |        561    363.2727    480.9935          0        999
  mealimites |        561    363.2799    480.9881          0        999
  mealimitms |        561    363.2799    480.9881          0        999
  mealimiths |        561    363.2799    480.9881          0        999
 mealfiberes |        561    363.2852    480.9841          0        999
-------------+---------------------------------------------------------
 mealfiberms |        561    363.2852    480.9841          0        999
 mealfiberhs |        561    363.2852    480.9841          0        999
  mealinfoes |        561    363.2799    480.9881          0        999
  mealinfoms |        561    363.2727    480.9935          0        999
  mealinfohs |        561    363.2727    480.9935          0        999
-------------+---------------------------------------------------------
    mealfund |        561    363.2727    480.9935          0        999
     ENVIRO2 |        561    .2442068    .6860129          0          3
  envirotime |        561    .0356506     .185583          0          1
 envirosched |        561           0           0          0          0
     SERVIC2 |        561    .5828877    1.166799          0          4
-------------+---------------------------------------------------------
     servbon |        561    .1033868    .3047351          0          1
    ADVISORY |        561    .6737968    1.107849          0          3
  advisboard |        561    .1853832     .388955          0          1
 advisreview |        561    .1122995    .3160163          0          1
     EDUC_ES |        561    2.128342    1.423501          0          4
-------------+---------------------------------------------------------
     EDUC_MS |        561    2.055258    1.389557          0          4
     EDUC_HS |        561    2.064171    1.402606          0          4
educfoods~es |        561    .0891266    .2851806          0          1
educfoods~ms |        561    .0891266    .2851806          0          1
educfoods~hs |        561    .0891266    .2851806          0          1
-------------+---------------------------------------------------------
   educrefes |        561    .1176471    .3224773          0          1
   educrefms |        561    .0962567    .2952062          0          1
   educrefhs |        561    .0766488    .2662709          0          1
   educinses |        561           0           0          0          0
   educinsms |        561           0           0          0          0
-------------+---------------------------------------------------------
   educinshs |        561           0           0          0          0
  educcshpes |        561    .0106952    .1029548          0          1
  educcshpms |        561    .0106952    .1029548          0          1
  educchsphs |        561    .0106952    .1029548          0          1
    MARKTING |        561    .2156863    .7960864          0          5
-------------+---------------------------------------------------------
   incentive |        561           0           0          0          0
  intructban |        561           0           0          0          0
    PRF_PRIC |        561    .0463458    .2563306          0          2
   pricplace |        561    .0089127    .0940691          0          1
         BMI |        561    .1693405    .5556731          0          3
-------------+---------------------------------------------------------
    bmi_fwup |        561    .1853832     .388955          0          1
    classbon |        561    .1069519    .3093279          0          1
    FRMSCHES |        561     .684492    1.250111          0          4
    FRMSCHMS |        561     .684492    1.250111          0          4
    FRMSCHHS |        561     .684492    1.250111          0          4
-------------+---------------------------------------------------------
      schgrd |        561    .0588235    .2355041          0          1
     interag |        561    .1639929    .3705996          0          1
     intcurr |        561    .0196078    .1387721          0          1
    POTWTRES |        561    .1354724    .5820286          0          3
    POTWTRMS |        561    .1354724    .5820286          0          3
-------------+---------------------------------------------------------
    POTWTRHS |        561    .1354724    .5820286          0          3
      wtrecp |        561    .0106952    .1029548          0          1
    classpen |        561    90.82888    287.4452          0        999
SMARTSNACKES |        561    817.6364    385.0745          0        999
SMARTSNACKMS |        561    817.6114    385.1275          0        999
-------------+---------------------------------------------------------
SMARTSNACKHS |        561    817.5865    385.1804          0        999
fundnoexe~es |        561    817.3672    385.6452          0        999
fundnoexe~ms |        561    817.3672    385.6452          0        999
fundnoexe~hs |        561    817.3672    385.6452          0        999
fundexemptes |        561    817.3957    385.5847          0        999
-------------+---------------------------------------------------------
fundexemptms |        561    817.3957    385.5847          0        999
fundexempths |        561    817.3957    385.5847          0        999
BEVSMARTS~ES |        561    817.6435    385.0594          0        999
BEVSMARTS~MS |        561    817.6257    385.0972          0        999
BEVSMARTS~HS |        561    817.6078     385.135          0        999
-------------+---------------------------------------------------------
bevfundn~tes |        561    817.3672    385.6452          0        999
bevfundn~tms |        561    817.3672    385.6452          0        999
bevfundn~ths |        561    817.3672    385.6452          0        999
bevfundex~es |        561    817.3957    385.5847          0        999
bevfundex~ms |        561    817.3957    385.5847          0        999
-------------+---------------------------------------------------------
bevfundex~hs |        561    817.3957    385.5847          0        999




(note: file C:\Users\sgiambra/Google Drive/research projects/obesity/base/class/class_enhanced.dta not found)
file C:\Users\sgiambra/Google Drive/research projects/obesity/base/class/class_enhanced.dta saved

. 
end of do-file

 make.py ended: 2017-11-28 20:22:15
